<html>
<head>
<title>TestNG:  Test</title>
<link href="../testng.css" rel="stylesheet" type="text/css" />
<link href="../my-testng.css" rel="stylesheet" type="text/css" />

<style type="text/css">
.log { display: none;} 
.stack-trace { display: none;} 
</style>
<script type="text/javascript">
<!--
function flip(e) {
  current = e.style.display;
  if (current == 'block') {
    e.style.display = 'none';
    return 0;
  }
  else {
    e.style.display = 'block';
    return 1;
  }
}

function toggleBox(szDivId, elem, msg1, msg2)
{
  var res = -1;  if (document.getElementById) {
    res = flip(document.getElementById(szDivId));
  }
  else if (document.all) {
    // this is the way old msie versions work
    res = flip(document.all[szDivId]);
  }
  if(elem) {
    if(res == 0) elem.innerHTML = msg1; else elem.innerHTML = msg2;
  }

}

function toggleAllBoxes() {
  if (document.getElementsByTagName) {
    d = document.getElementsByTagName('div');
    for (i = 0; i < d.length; i++) {
      if (d[i].className == 'log') {
        flip(d[i]);
      }
    }
  }
}

// -->
</script>

</head>
<body>
<h2 align='center'>Test</h2><table border='1' align="center">
<tr>
<td>Tests passed/Failed/Skipped:</td><td>28/1/0</td>
</tr><tr>
<td>Started on:</td><td>Wed Sep 21 10:09:46 IST 2022</td>
</tr>
<tr><td>Total time:</td><td>486 seconds (486736 ms)</td>
</tr><tr>
<td>Included groups:</td><td></td>
</tr><tr>
<td>Excluded groups:</td><td></td>
</tr>
</table><p/>
<small><i>(Hover the method name to see the test class name)</i></small><p/>
<table width='100%' border='1' class='invocation-failed'>
<tr><td colspan='4' align='center'><b>FAILED TESTS</b></td></tr>
<tr><td><b>Test method</b></td>
<td width="30%"><b>Exception</b></td>
<td width="10%"><b>Time (seconds)</b></td>
<td><b>Instance</b></td>
</tr>
<tr>
<td title='Testngpackage.Settingstest.settingslogo()'><b>settingslogo</b><br>Test class: Testngpackage.Settingstest</td>
<td><div><pre>org.openqa.selenium.NoSuchElementException: Cannot locate option with value: Rupee
For documentation on this error, please visit: https://www.seleniumhq.org/exceptions/no_such_element.html
Build info: version: &apos;3.141.59&apos;, revision: &apos;e82be7d358&apos;, time: &apos;2018-11-14T08:17:03&apos;
System info: host: &apos;LAPTOP-DES8B8NC&apos;, ip: &apos;192.168.35.42&apos;, os.name: &apos;Windows 11&apos;, os.arch: &apos;amd64&apos;, os.version: &apos;10.0&apos;, java.version: &apos;18.0.1.1&apos;
Driver info: driver.version: unknown
	at org.openqa.selenium.support.ui.Select.findOptionsByValue(Select.java:283)
	at org.openqa.selenium.support.ui.Select.selectByValue(Select.java:186)
	at PageElement.Settingpage.detailsdrop(Settingpage.java:46)
	at Testngpackage.Settingstest.settingslogo(Settingstest.java:30)
	at java.base/java.util.ArrayList.forEach(ArrayList.java:1511)
... Removed 25 stack frames</pre></div><a href='#' onClick='toggleBox("stack-trace1742885458", this, "Click to show all stack frames", "Click to hide stack frames")'>Click to show all stack frames</a>
<div class='stack-trace' id='stack-trace1742885458'><pre>org.openqa.selenium.NoSuchElementException: Cannot locate option with value: Rupee
For documentation on this error, please visit: https://www.seleniumhq.org/exceptions/no_such_element.html
Build info: version: &apos;3.141.59&apos;, revision: &apos;e82be7d358&apos;, time: &apos;2018-11-14T08:17:03&apos;
System info: host: &apos;LAPTOP-DES8B8NC&apos;, ip: &apos;192.168.35.42&apos;, os.name: &apos;Windows 11&apos;, os.arch: &apos;amd64&apos;, os.version: &apos;10.0&apos;, java.version: &apos;18.0.1.1&apos;
Driver info: driver.version: unknown
	at org.openqa.selenium.support.ui.Select.findOptionsByValue(Select.java:283)
	at org.openqa.selenium.support.ui.Select.selectByValue(Select.java:186)
	at PageElement.Settingpage.detailsdrop(Settingpage.java:46)
	at Testngpackage.Settingstest.settingslogo(Settingstest.java:30)
	at java.base/jdk.internal.reflect.DirectMethodHandleAccessor.invoke(DirectMethodHandleAccessor.java:104)
	at java.base/java.lang.reflect.Method.invoke(Method.java:577)
	at org.testng.internal.MethodInvocationHelper.invokeMethod(MethodInvocationHelper.java:133)
	at org.testng.internal.TestInvoker.invokeMethod(TestInvoker.java:598)
	at org.testng.internal.TestInvoker.invokeTestMethod(TestInvoker.java:173)
	at org.testng.internal.MethodRunner.runInSequence(MethodRunner.java:46)
	at org.testng.internal.TestInvoker$MethodInvocationAgent.invoke(TestInvoker.java:824)
	at org.testng.internal.TestInvoker.invokeTestMethods(TestInvoker.java:146)
	at org.testng.internal.TestMethodWorker.invokeTestMethods(TestMethodWorker.java:146)
	at org.testng.internal.TestMethodWorker.run(TestMethodWorker.java:128)
	at java.base/java.util.ArrayList.forEach(ArrayList.java:1511)
	at org.testng.TestRunner.privateRun(TestRunner.java:794)
	at org.testng.TestRunner.run(TestRunner.java:596)
	at org.testng.SuiteRunner.runTest(SuiteRunner.java:377)
	at org.testng.SuiteRunner.runSequentially(SuiteRunner.java:371)
	at org.testng.SuiteRunner.privateRun(SuiteRunner.java:332)
	at org.testng.SuiteRunner.run(SuiteRunner.java:276)
	at org.testng.SuiteRunnerWorker.runSuite(SuiteRunnerWorker.java:53)
	at org.testng.SuiteRunnerWorker.run(SuiteRunnerWorker.java:96)
	at org.testng.TestNG.runSuitesSequentially(TestNG.java:1212)
	at org.testng.TestNG.runSuitesLocally(TestNG.java:1134)
	at org.testng.TestNG.runSuites(TestNG.java:1063)
	at org.testng.TestNG.run(TestNG.java:1031)
	at org.testng.remote.AbstractRemoteTestNG.run(AbstractRemoteTestNG.java:115)
	at org.testng.remote.RemoteTestNG.initAndRun(RemoteTestNG.java:251)
	at org.testng.remote.RemoteTestNG.main(RemoteTestNG.java:77)
</pre></div></td>
<td>13</td>
<td>Testngpackage.Settingstest@158da8e</td></tr>
</table><p>
<table width='100%' border='1' class='invocation-passed'>
<tr><td colspan='4' align='center'><b>PASSED TESTS</b></td></tr>
<tr><td><b>Test method</b></td>
<td width="30%"><b>Exception</b></td>
<td width="10%"><b>Time (seconds)</b></td>
<td><b>Instance</b></td>
</tr>
<tr>
<td title='Testngpackage.Expensetest.expensepages()'><b>expensepages</b><br>Test class: Testngpackage.Expensetest</td>
<td></td>
<td>16</td>
<td>Testngpackage.Expensetest@71809907</td></tr>
<tr>
<td title='Testngpackage.Storetest.storedetail()'><b>storedetail</b><br>Test class: Testngpackage.Storetest</td>
<td></td>
<td>20</td>
<td>Testngpackage.Storetest@5e0826e7</td></tr>
<tr>
<td title='Testngpackage.Waiterstest.dropdown()'><b>dropdown</b><br>Test class: Testngpackage.Waiterstest</td>
<td></td>
<td>10</td>
<td>Testngpackage.Waiterstest@32eff876</td></tr>
<tr>
<td title='Testngpackage.Salestest.salespagedetail()'><b>salespagedetail</b><br>Test class: Testngpackage.Salestest</td>
<td></td>
<td>22</td>
<td>Testngpackage.Salestest@3ce1e309</td></tr>
<tr>
<td title='Testngpackage.Categorytest.categorydetails()'><b>categorydetails</b><br>Test class: Testngpackage.Categorytest</td>
<td></td>
<td>22</td>
<td>Testngpackage.Categorytest@6aba2b86</td></tr>
<tr>
<td title='Testngpackage.Waiterstest.addwaiters()'><b>addwaiters</b><br>Test class: Testngpackage.Waiterstest</td>
<td></td>
<td>12</td>
<td>Testngpackage.Waiterstest@32eff876</td></tr>
<tr>
<td title='Testngpackage.Suppliertest.searchsupplier()'><b>searchsupplier</b><br>Test class: Testngpackage.Suppliertest</td>
<td></td>
<td>9</td>
<td>Testngpackage.Suppliertest@6e20b53a</td></tr>
<tr>
<td title='Testngpackage.Producttest.productpage()'><b>productpage</b><br>Test class: Testngpackage.Producttest</td>
<td></td>
<td>21</td>
<td>Testngpackage.Producttest@6dc17b83</td></tr>
<tr>
<td title='Testngpackage.Suppliertest.addsupplierdetail()'><b>addsupplierdetail</b><br>Test class: Testngpackage.Suppliertest</td>
<td></td>
<td>20</td>
<td>Testngpackage.Suppliertest@6e20b53a</td></tr>
<tr>
<td title='Testngpackage.Producttest.addproduct()'><b>addproduct</b><br>Test class: Testngpackage.Producttest</td>
<td></td>
<td>24</td>
<td>Testngpackage.Producttest@6dc17b83</td></tr>
<tr>
<td title='Testngpackage.Waiterstest.waitersdetail()'><b>waitersdetail</b><br>Test class: Testngpackage.Waiterstest</td>
<td></td>
<td>20</td>
<td>Testngpackage.Waiterstest@32eff876</td></tr>
<tr>
<td title='Testngpackage.Expensetest.expensepagesdetail()'><b>expensepagesdetail</b><br>Test class: Testngpackage.Expensetest</td>
<td></td>
<td>15</td>
<td>Testngpackage.Expensetest@71809907</td></tr>
<tr>
<td title='Testngpackage.Producttest.searchpage()'><b>searchpage</b><br>Test class: Testngpackage.Producttest</td>
<td></td>
<td>9</td>
<td>Testngpackage.Producttest@6dc17b83</td></tr>
<tr>
<td title='Testngpackage.Suppliertest.supplierpage()'><b>supplierpage</b><br>Test class: Testngpackage.Suppliertest</td>
<td></td>
<td>19</td>
<td>Testngpackage.Suppliertest@6e20b53a</td></tr>
<tr>
<td title='Testngpackage.Categorytest.categorypages()'><b>categorypages</b><br>Test class: Testngpackage.Categorytest</td>
<td></td>
<td>12</td>
<td>Testngpackage.Categorytest@6aba2b86</td></tr>
<tr>
<td title='Testngpackage.Storetest.searchdetail()'><b>searchdetail</b><br>Test class: Testngpackage.Storetest</td>
<td></td>
<td>9</td>
<td>Testngpackage.Storetest@5e0826e7</td></tr>
<tr>
<td title='Testngpackage.Customerstest.addcustomer()'><b>addcustomer</b><br>Test class: Testngpackage.Customerstest</td>
<td></td>
<td>20</td>
<td>Testngpackage.Customerstest@8dbdac1</td></tr>
<tr>
<td title='Testngpackage.Logintest.invalidlogin()'><b>invalidlogin</b><br>Test class: Testngpackage.Logintest<br>Parameters: admin, 1234</td>
<td></td>
<td>18</td>
<td>Testngpackage.Logintest@42e99e4a</td></tr>
<tr>
<td title='Testngpackage.Waiterstest.searchoption()'><b>searchoption</b><br>Test class: Testngpackage.Waiterstest</td>
<td></td>
<td>9</td>
<td>Testngpackage.Waiterstest@32eff876</td></tr>
<tr>
<td title='Testngpackage.Customerstest.customersdetail()'><b>customersdetail</b><br>Test class: Testngpackage.Customerstest</td>
<td></td>
<td>16</td>
<td>Testngpackage.Customerstest@8dbdac1</td></tr>
<tr>
<td title='Testngpackage.Categorytest.categorysearch()'><b>categorysearch</b><br>Test class: Testngpackage.Categorytest</td>
<td></td>
<td>15</td>
<td>Testngpackage.Categorytest@6aba2b86</td></tr>
<tr>
<td title='Testngpackage.Customerstest.searchcustomer()'><b>searchcustomer</b><br>Test class: Testngpackage.Customerstest</td>
<td></td>
<td>9</td>
<td>Testngpackage.Customerstest@8dbdac1</td></tr>
<tr>
<td title='Testngpackage.Settingstest.settingslogodetails()'><b>settingslogodetails</b><br>Test class: Testngpackage.Settingstest</td>
<td></td>
<td>21</td>
<td>Testngpackage.Settingstest@158da8e</td></tr>
<tr>
<td title='Testngpackage.Expensetest.searchfile()'><b>searchfile</b><br>Test class: Testngpackage.Expensetest</td>
<td></td>
<td>15</td>
<td>Testngpackage.Expensetest@71809907</td></tr>
<tr>
<td title='Testngpackage.Producttest.dropdownpage()'><b>dropdownpage</b><br>Test class: Testngpackage.Producttest</td>
<td></td>
<td>21</td>
<td>Testngpackage.Producttest@6dc17b83</td></tr>
<tr>
<td title='Testngpackage.Producttest.stockpage()'><b>stockpage</b><br>Test class: Testngpackage.Producttest</td>
<td></td>
<td>18</td>
<td>Testngpackage.Producttest@6dc17b83</td></tr>
<tr>
<td title='Testngpackage.Logintest.verifylogin()'><b>verifylogin</b><br>Test class: Testngpackage.Logintest</td>
<td></td>
<td>23</td>
<td>Testngpackage.Logintest@42e99e4a</td></tr>
<tr>
<td title='Testngpackage.Storetest.addstore()'><b>addstore</b><br>Test class: Testngpackage.Storetest</td>
<td></td>
<td>10</td>
<td>Testngpackage.Storetest@5e0826e7</td></tr>
</table><p>
</body>
</html>