<?xml version="1.0" encoding="UTF-8"?>
<!-- Generated by org.testng.reporters.JUnitXMLReporter -->
<testsuite ignored="2" hostname="LAPTOP-DES8B8NC" failures="1" tests="29" name="Test" time="486.736" errors="0" timestamp="2022-09-21T10:17:53 IST">
  <testcase classname="Testngpackage.Logintest" name="invalidlogin" time="18.818"/>
  <testcase classname="Testngpackage.Logintest" name="verifylogin" time="23.201"/>
  <testcase classname="Testngpackage.Producttest" name="productpage" time="21.77"/>
  <testcase classname="Testngpackage.Producttest" name="addproduct" time="24.691"/>
  <testcase classname="Testngpackage.Producttest" name="dropdownpage" time="21.566"/>
  <testcase classname="Testngpackage.Producttest" name="stockpage" time="18.442"/>
  <testcase classname="Testngpackage.Producttest" name="searchpage" time="9.214"/>
  <testcase classname="Testngpackage.Storetest" name="addstore" time="10.97"/>
  <testcase classname="Testngpackage.Storetest" name="storedetail" time="20.704"/>
  <testcase classname="Testngpackage.Storetest" name="searchdetail" time="9.225"/>
  <testcase classname="Testngpackage.Waiterstest" name="waitersdetail" time="20.01"/>
  <testcase classname="Testngpackage.Waiterstest" name="addwaiters" time="12.319"/>
  <testcase classname="Testngpackage.Waiterstest" name="dropdown" time="10.81"/>
  <testcase classname="Testngpackage.Waiterstest" name="searchoption" time="9.247"/>
  <testcase classname="Testngpackage.Customerstest" name="customersdetail" time="16.651"/>
  <testcase classname="Testngpackage.Customerstest" name="addcustomer" time="20.479"/>
  <testcase classname="Testngpackage.Customerstest" name="searchcustomer" time="9.157"/>
  <testcase classname="Testngpackage.Suppliertest" name="supplierpage" time="19.267"/>
  <testcase classname="Testngpackage.Suppliertest" name="addsupplierdetail" time="20.934"/>
  <testcase classname="Testngpackage.Suppliertest" name="searchsupplier" time="9.169"/>
  <testcase classname="Testngpackage.Expensetest" name="expensepages" time="16.113"/>
  <testcase classname="Testngpackage.Expensetest" name="expensepagesdetail" time="15.397"/>
  <testcase classname="Testngpackage.Expensetest" name="searchfile" time="15.287"/>
  <testcase classname="Testngpackage.Salestest" name="salespagedetail" time="22.479"/>
  <testcase classname="Testngpackage.Categorytest" name="categorypages" time="12.402"/>
  <testcase classname="Testngpackage.Categorytest" name="categorydetails" time="22.034"/>
  <testcase classname="Testngpackage.Categorytest" name="categorysearch" time="15.299"/>
  <testcase classname="Testngpackage.Settingstest" name="settingslogo" time="13.013">
    <failure type="org.openqa.selenium.NoSuchElementException" message="Cannot locate option with value: Rupee
For documentation on this error, please visit: https://www.seleniumhq.org/exceptions/no_such_element.html
Build info: version: &amp;apos;3.141.59&amp;apos;, revision: &amp;apos;e82be7d358&amp;apos;, time: &amp;apos;2018-11-14T08:17:03&amp;apos;
System info: host: &amp;apos;LAPTOP-DES8B8NC&amp;apos;, ip: &amp;apos;192.168.35.42&amp;apos;, os.name: &amp;apos;Windows 11&amp;apos;, os.arch: &amp;apos;amd64&amp;apos;, os.version: &amp;apos;10.0&amp;apos;, java.version: &amp;apos;18.0.1.1&amp;apos;
Driver info: driver.version: unknown">
      <![CDATA[org.openqa.selenium.NoSuchElementException: Cannot locate option with value: Rupee
For documentation on this error, please visit: https://www.seleniumhq.org/exceptions/no_such_element.html
Build info: version: '3.141.59', revision: 'e82be7d358', time: '2018-11-14T08:17:03'
System info: host: 'LAPTOP-DES8B8NC', ip: '192.168.35.42', os.name: 'Windows 11', os.arch: 'amd64', os.version: '10.0', java.version: '18.0.1.1'
Driver info: driver.version: unknown
at org.openqa.selenium.support.ui.Select.findOptionsByValue(Select.java:283)
at org.openqa.selenium.support.ui.Select.selectByValue(Select.java:186)
at PageElement.Settingpage.detailsdrop(Settingpage.java:46)
at Testngpackage.Settingstest.settingslogo(Settingstest.java:30)
at java.base/java.util.ArrayList.forEach(ArrayList.java:1511)
... Removed 25 stack frames]]>
    </failure>
  </testcase> <!-- settingslogo -->
  <testcase classname="Testngpackage.Settingstest" name="settingslogodetails" time="21.789"/>
  <testcase classname="Testngpackage.Producttest" name="uploadfile" time="0.0">
    <ignored/>
  </testcase> <!-- uploadfile -->
  <testcase classname="Testngpackage.Expensetest" name="uploadfile" time="0.0">
    <ignored/>
  </testcase> <!-- uploadfile -->
</testsuite> <!-- Test -->
